<?xml version="1.0" encoding="UTF-8"?>
<!-- Generated by org.testng.reporters.JUnitXMLReporter -->
<testsuite ignored="1" hostname="MANI" failures="6" tests="6" name="Test" time="129.533" errors="0" timestamp="2024-11-25T13:51:19 IST">
  <testcase classname="testcases.TC_001_001_RegistrationUsingEmailDDT" name="validateRegistationWithEmail" time="14.941">
    <failure type="java.lang.AssertionError" message="no such element: Unable to locate element: {&amp;quot;method&amp;quot;:&amp;quot;xpath&amp;quot;,&amp;quot;selector&amp;quot;:&amp;quot;//input[@id=&amp;apos;new_password&amp;apos;]&amp;quot;}
  (Session info: MicrosoftEdge=131.0.2903.51)
For documentation on this error, please visit: https://www.selenium.dev/documentation/webdriver/troubleshooting/errors#no-such-element-exception
Build info: version: &amp;apos;4.25.0&amp;apos;, revision: &amp;apos;8a8aea2337&amp;apos;
System info: os.name: &amp;apos;Windows 10&amp;apos;, os.arch: &amp;apos;amd64&amp;apos;, os.version: &amp;apos;10.0&amp;apos;, java.version: &amp;apos;21.0.1&amp;apos;
Driver info: org.openqa.selenium.edge.EdgeDriver
Command: [f7b8417f8333a7fa448e39b9d2fe5f60, findElement {using=xpath, value=//input[@id=&amp;apos;new_password&amp;apos;]}]
Capabilities {acceptInsecureCerts: false, browserName: MicrosoftEdge, browserVersion: 131.0.2903.51, fedcm:accounts: true, ms:edgeOptions: {debuggerAddress: localhost:49308}, msedge: {msedgedriverVersion: 131.0.2903.63 (3cf4b3e782aa..., userDataDir: C:\Users\Aravinth\AppData\L...}, networkConnectionEnabled: false, pageLoadStrategy: normal, platformName: windows, proxy: Proxy(), se:cdp: ws://localhost:49308/devtoo..., se:cdpVersion: 131.0.2903.51, setWindowRect: true, strictFileInteractability: false, timeouts: {implicit: 0, pageLoad: 300000, script: 30000}, unhandledPromptBehavior: dismiss and notify, webauthn:extension:credBlob: true, webauthn:extension:largeBlob: true, webauthn:extension:minPinLength: true, webauthn:extension:prf: true, webauthn:virtualAuthenticators: true}
Session ID: f7b8417f8333a7fa448e39b9d2fe5f60">
      <![CDATA[java.lang.AssertionError: no such element: Unable to locate element: {"method":"xpath","selector":"//input[@id='new_password']"}
  (Session info: MicrosoftEdge=131.0.2903.51)
For documentation on this error, please visit: https://www.selenium.dev/documentation/webdriver/troubleshooting/errors#no-such-element-exception
Build info: version: '4.25.0', revision: '8a8aea2337'
System info: os.name: 'Windows 10', os.arch: 'amd64', os.version: '10.0', java.version: '21.0.1'
Driver info: org.openqa.selenium.edge.EdgeDriver
Command: [f7b8417f8333a7fa448e39b9d2fe5f60, findElement {using=xpath, value=//input[@id='new_password']}]
Capabilities {acceptInsecureCerts: false, browserName: MicrosoftEdge, browserVersion: 131.0.2903.51, fedcm:accounts: true, ms:edgeOptions: {debuggerAddress: localhost:49308}, msedge: {msedgedriverVersion: 131.0.2903.63 (3cf4b3e782aa..., userDataDir: C:\Users\Aravinth\AppData\L...}, networkConnectionEnabled: false, pageLoadStrategy: normal, platformName: windows, proxy: Proxy(), se:cdp: ws://localhost:49308/devtoo..., se:cdpVersion: 131.0.2903.51, setWindowRect: true, strictFileInteractability: false, timeouts: {implicit: 0, pageLoad: 300000, script: 30000}, unhandledPromptBehavior: dismiss and notify, webauthn:extension:credBlob: true, webauthn:extension:largeBlob: true, webauthn:extension:minPinLength: true, webauthn:extension:prf: true, webauthn:virtualAuthenticators: true}
Session ID: f7b8417f8333a7fa448e39b9d2fe5f60
at testcases.TC_001_001_RegistrationUsingEmailDDT.validateRegistationWithEmail(TC_001_001_RegistrationUsingEmailDDT.java:34)
at java.base/java.util.ArrayList.forEach(ArrayList.java:1596)
... Removed 26 stack frames]]>
    </failure>
  </testcase> <!-- validateRegistationWithEmail -->
  <testcase classname="testcases.TC_001_001_RegistrationUsingEmailDDT" name="validateRegistationWithEmail" time="20.25">
    <failure type="java.lang.AssertionError" message="Expected condition failed: waiting for element to be clickable: Proxy element for: DefaultElementLocator &amp;apos;By.xpath: //a[@aria-label=&amp;apos;Create an account&amp;apos;]&amp;apos; (tried for 10 second(s) with 500 milliseconds interval)">
      <![CDATA[java.lang.AssertionError: Expected condition failed: waiting for element to be clickable: Proxy element for: DefaultElementLocator 'By.xpath: //a[@aria-label='Create an account']' (tried for 10 second(s) with 500 milliseconds interval)
at testcases.TC_001_001_RegistrationUsingEmailDDT.validateRegistationWithEmail(TC_001_001_RegistrationUsingEmailDDT.java:34)
at java.base/java.util.ArrayList.forEach(ArrayList.java:1596)
... Removed 26 stack frames]]>
    </failure>
  </testcase> <!-- validateRegistationWithEmail -->
  <testcase classname="testcases.TC_001_001_RegistrationUsingEmailDDT" name="validateRegistationWithEmail" time="20.112">
    <failure type="java.lang.AssertionError" message="Expected condition failed: waiting for element to be clickable: Proxy element for: DefaultElementLocator &amp;apos;By.xpath: //a[@aria-label=&amp;apos;Create an account&amp;apos;]&amp;apos; (tried for 10 second(s) with 500 milliseconds interval)">
      <![CDATA[java.lang.AssertionError: Expected condition failed: waiting for element to be clickable: Proxy element for: DefaultElementLocator 'By.xpath: //a[@aria-label='Create an account']' (tried for 10 second(s) with 500 milliseconds interval)
at testcases.TC_001_001_RegistrationUsingEmailDDT.validateRegistationWithEmail(TC_001_001_RegistrationUsingEmailDDT.java:34)
at java.base/java.util.ArrayList.forEach(ArrayList.java:1596)
... Removed 26 stack frames]]>
    </failure>
  </testcase> <!-- validateRegistationWithEmail -->
  <testcase classname="testcases.TC_001_001_RegistrationUsingEmailDDT" name="validateRegistationWithEmail" time="20.099">
    <failure type="java.lang.AssertionError" message="Expected condition failed: waiting for element to be clickable: Proxy element for: DefaultElementLocator &amp;apos;By.xpath: //a[@aria-label=&amp;apos;Create an account&amp;apos;]&amp;apos; (tried for 10 second(s) with 500 milliseconds interval)">
      <![CDATA[java.lang.AssertionError: Expected condition failed: waiting for element to be clickable: Proxy element for: DefaultElementLocator 'By.xpath: //a[@aria-label='Create an account']' (tried for 10 second(s) with 500 milliseconds interval)
at testcases.TC_001_001_RegistrationUsingEmailDDT.validateRegistationWithEmail(TC_001_001_RegistrationUsingEmailDDT.java:34)
at java.base/java.util.ArrayList.forEach(ArrayList.java:1596)
... Removed 26 stack frames]]>
    </failure>
  </testcase> <!-- validateRegistationWithEmail -->
  <testcase classname="testcases.TC_001_001_RegistrationUsingEmailDDT" name="validateRegistationWithEmail" time="20.106">
    <failure type="java.lang.AssertionError" message="Expected condition failed: waiting for element to be clickable: Proxy element for: DefaultElementLocator &amp;apos;By.xpath: //a[@aria-label=&amp;apos;Create an account&amp;apos;]&amp;apos; (tried for 10 second(s) with 500 milliseconds interval)">
      <![CDATA[java.lang.AssertionError: Expected condition failed: waiting for element to be clickable: Proxy element for: DefaultElementLocator 'By.xpath: //a[@aria-label='Create an account']' (tried for 10 second(s) with 500 milliseconds interval)
at testcases.TC_001_001_RegistrationUsingEmailDDT.validateRegistationWithEmail(TC_001_001_RegistrationUsingEmailDDT.java:34)
at java.base/java.util.ArrayList.forEach(ArrayList.java:1596)
... Removed 26 stack frames]]>
    </failure>
  </testcase> <!-- validateRegistationWithEmail -->
  <testcase classname="testcases.TC_001_001_RegistrationUsingEmailDDT" name="validateRegistationWithEmail" time="20.084">
    <failure type="java.lang.AssertionError" message="Expected condition failed: waiting for element to be clickable: Proxy element for: DefaultElementLocator &amp;apos;By.xpath: //a[@aria-label=&amp;apos;Create an account&amp;apos;]&amp;apos; (tried for 10 second(s) with 500 milliseconds interval)">
      <![CDATA[java.lang.AssertionError: Expected condition failed: waiting for element to be clickable: Proxy element for: DefaultElementLocator 'By.xpath: //a[@aria-label='Create an account']' (tried for 10 second(s) with 500 milliseconds interval)
at testcases.TC_001_001_RegistrationUsingEmailDDT.validateRegistationWithEmail(TC_001_001_RegistrationUsingEmailDDT.java:34)
at java.base/java.util.ArrayList.forEach(ArrayList.java:1596)
... Removed 26 stack frames]]>
    </failure>
  </testcase> <!-- validateRegistationWithEmail -->
  <testcase classname="testcases.TC_001_001_RegistrationUsingEmail" name="validateRegistationWithEmail" time="0.0">
    <ignored/>
  </testcase> <!-- validateRegistationWithEmail -->
</testsuite> <!-- Test -->
